2025-02-28 21:05:19.913 [main] INFO  ad.hibernate.hmarort.Main - Iniciando aplicación de gestión de pedidos
2025-02-28 21:05:19.916 [main] INFO  ad.hibernate.hmarort.Main - Interfaz seleccionada: automatica
2025-02-28 21:05:19.936 [main] INFO  com.zaxxer.hikari.HikariDataSource - HikariPool-1 - Starting...
2025-02-28 21:05:21.979 [main] INFO  com.zaxxer.hikari.pool.HikariPool - HikariPool-1 - Added connection org.sqlite.jdbc4.JDBC4Connection@176b75f7
2025-02-28 21:05:21.983 [main] INFO  com.zaxxer.hikari.HikariDataSource - HikariPool-1 - Start completed.
2025-02-28 21:05:21.983 [main] INFO  a.h.h.database_config.SQLiteConfig - Iniciando inicialización de base de datos SQLite
2025-02-28 21:05:22.003 [main] WARN  a.h.h.database_config.SQLiteConfig - Advertencia al ejecutar statement: [SQLITE_ERROR] SQL error or missing database (table Zonas_Envio already exists)
2025-02-28 21:05:22.004 [main] WARN  a.h.h.database_config.SQLiteConfig - Advertencia al ejecutar statement: [SQLITE_CONSTRAINT_PRIMARYKEY] A PRIMARY KEY constraint failed (UNIQUE constraint failed: Zonas_Envio.id_zona)
2025-02-28 21:05:22.004 [main] WARN  a.h.h.database_config.SQLiteConfig - Advertencia al ejecutar statement: [SQLITE_CONSTRAINT_PRIMARYKEY] A PRIMARY KEY constraint failed (UNIQUE constraint failed: Clientes.id_cliente)
2025-02-28 21:05:22.004 [main] INFO  a.h.h.database_config.SQLiteConfig - Base de datos inicializada correctamente
2025-02-28 21:05:22.008 [main] INFO  a.h.hmarort.utils.SessionManager - Inicializando SessionFactory de Hibernate
2025-02-28 21:05:22.085 [main] INFO  org.hibernate.Version - HHH000412: Hibernate ORM core version 6.4.1.Final
2025-02-28 21:05:22.304 [main] INFO  o.h.c.i.RegionFactoryInitiator - HHH000026: Second-level cache disabled
2025-02-28 21:05:22.383 [main] WARN  o.hibernate.orm.connections.pooling - HHH10001002: Using built-in connection pool (not intended for production use)
2025-02-28 21:05:22.384 [main] INFO  o.hibernate.orm.connections.pooling - HHH10001005: Loaded JDBC driver class: org.sqlite.JDBC
2025-02-28 21:05:22.384 [main] INFO  o.hibernate.orm.connections.pooling - HHH10001012: Connecting with JDBC URL [jdbc:sqlite:src/main/resources/pedidos.db]
2025-02-28 21:05:22.385 [main] INFO  o.hibernate.orm.connections.pooling - HHH10001001: Connection properties: {}
2025-02-28 21:05:22.385 [main] INFO  o.hibernate.orm.connections.pooling - HHH10001003: Autocommit mode: false
2025-02-28 21:05:22.387 [main] INFO  o.hibernate.orm.connections.pooling - HHH10001115: Connection pool size: 20 (min=1)
2025-02-28 21:05:23.331 [main] INFO  o.hibernate.orm.connections.access - HHH10001501: Connection obtained from JdbcConnectionAccess [org.hibernate.engine.jdbc.env.internal.JdbcEnvironmentInitiator$ConnectionProviderJdbcConnectionAccess@5763a655] for (non-JTA) DDL execution was not in auto-commit mode; the Connection 'local transaction' will be committed and the Connection will be set into auto-commit mode.
2025-02-28 21:05:23.340 [main] INFO  a.h.hmarort.utils.SessionManager - SessionFactory inicializada correctamente
2025-02-28 21:05:23.342 [main] INFO  a.h.hmarort.factory.DAOFactory - DAOFactory inicializado correctamente
2025-02-28 21:05:23.342 [main] INFO  ad.hibernate.hmarort.ui.UIAutoImpl - [GENERACIÓN AUTOMÁTICA DE DATOS]
2025-02-28 21:05:23.423 [main] INFO  a.h.h.d.i.DAOZonaEnvioImpl - Zona de envío insertada con ID: 12
2025-02-28 21:05:23.435 [main] INFO  a.h.h.d.i.DAOZonaEnvioImpl - Zona de envío insertada con ID: 13
2025-02-28 21:05:23.437 [main] INFO  a.h.h.d.i.DAOZonaEnvioImpl - Zona de envío insertada con ID: 14
2025-02-28 21:05:23.440 [main] INFO  ad.hibernate.hmarort.ui.UIAutoImpl - ✓ Zonas de envío generadas
2025-02-28 21:05:23.443 [main] INFO  a.h.h.d.i.DAOClienteImpl - Cliente insertado con ID: 20
2025-02-28 21:05:23.446 [main] INFO  a.h.h.d.i.DAOClienteImpl - Cliente insertado con ID: 21
2025-02-28 21:05:23.449 [main] INFO  a.h.h.d.i.DAOClienteImpl - Cliente insertado con ID: 22
2025-02-28 21:05:23.451 [main] INFO  a.h.h.d.i.DAOClienteImpl - Cliente insertado con ID: 23
2025-02-28 21:05:23.454 [main] INFO  a.h.h.d.i.DAOClienteImpl - Cliente insertado con ID: 24
2025-02-28 21:05:23.455 [main] INFO  ad.hibernate.hmarort.ui.UIAutoImpl - ✓ Clientes generados
2025-02-28 21:05:23.456 [main] INFO  a.h.h.d.implementacion.DAOPedidoImpl - Pedido insertado con ID: 30
2025-02-28 21:05:23.459 [main] INFO  a.h.h.d.implementacion.DAOPedidoImpl - Pedido insertado con ID: 31
2025-02-28 21:05:23.462 [main] INFO  a.h.h.d.implementacion.DAOPedidoImpl - Pedido insertado con ID: 32
2025-02-28 21:05:23.465 [main] INFO  a.h.h.d.implementacion.DAOPedidoImpl - Pedido insertado con ID: 33
2025-02-28 21:05:23.468 [main] INFO  a.h.h.d.implementacion.DAOPedidoImpl - Pedido insertado con ID: 34
2025-02-28 21:05:23.473 [main] INFO  a.h.h.d.implementacion.DAOPedidoImpl - Pedido insertado con ID: 35
2025-02-28 21:05:23.476 [main] INFO  a.h.h.d.implementacion.DAOPedidoImpl - Pedido insertado con ID: 36
2025-02-28 21:05:23.477 [main] INFO  a.h.h.d.implementacion.DAOPedidoImpl - Pedido insertado con ID: 37
2025-02-28 21:05:23.480 [main] INFO  a.h.h.d.implementacion.DAOPedidoImpl - Pedido insertado con ID: 38
2025-02-28 21:05:23.481 [main] INFO  a.h.h.d.implementacion.DAOPedidoImpl - Pedido insertado con ID: 39
2025-02-28 21:05:23.484 [main] INFO  ad.hibernate.hmarort.ui.UIAutoImpl - ✓ Pedidos generados
2025-02-28 21:05:23.484 [main] INFO  ad.hibernate.hmarort.ui.UIAutoImpl - [INFORME AUTOMÁTICO]
2025-02-28 21:05:23.792 [main] INFO  a.h.hmarort.utils.HibernateUtil - Inicializando SessionFactory de Hibernate
2025-02-28 21:05:23.813 [main] INFO  o.h.c.i.RegionFactoryInitiator - HHH000026: Second-level cache disabled
2025-02-28 21:05:23.818 [main] WARN  o.hibernate.orm.connections.pooling - HHH10001002: Using built-in connection pool (not intended for production use)
2025-02-28 21:05:23.819 [main] INFO  o.hibernate.orm.connections.pooling - HHH10001005: Loaded JDBC driver class: org.sqlite.JDBC
2025-02-28 21:05:23.819 [main] INFO  o.hibernate.orm.connections.pooling - HHH10001012: Connecting with JDBC URL [jdbc:sqlite:src/main/resources/pedidos.db]
2025-02-28 21:05:23.819 [main] INFO  o.hibernate.orm.connections.pooling - HHH10001001: Connection properties: {}
2025-02-28 21:05:23.820 [main] INFO  o.hibernate.orm.connections.pooling - HHH10001003: Autocommit mode: false
2025-02-28 21:05:23.820 [main] INFO  o.hibernate.orm.connections.pooling - HHH10001115: Connection pool size: 20 (min=1)
2025-02-28 21:05:23.878 [main] INFO  o.hibernate.orm.connections.access - HHH10001501: Connection obtained from JdbcConnectionAccess [org.hibernate.engine.jdbc.env.internal.JdbcEnvironmentInitiator$ConnectionProviderJdbcConnectionAccess@2d230cff] for (non-JTA) DDL execution was not in auto-commit mode; the Connection 'local transaction' will be committed and the Connection will be set into auto-commit mode.
2025-02-28 21:05:23.885 [main] INFO  a.h.hmarort.utils.HibernateUtil - SessionFactory inicializada correctamente
2025-02-28 21:05:23.925 [main] ERROR ad.hibernate.hmarort.ui.UIAutoImpl - Error en la ejecución automática
java.lang.IllegalStateException: org.hibernate.resource.jdbc.internal.LogicalConnectionManagedImpl@5e1a7d3 is closed
	at org.hibernate.resource.jdbc.internal.AbstractLogicalConnectionImplementor.errorIfClosed(AbstractLogicalConnectionImplementor.java:37)
	at org.hibernate.resource.jdbc.internal.LogicalConnectionManagedImpl.getPhysicalConnection(LogicalConnectionManagedImpl.java:142)
	at org.hibernate.resource.jdbc.internal.LogicalConnectionManagedImpl.getConnectionForTransactionManagement(LogicalConnectionManagedImpl.java:273)
	at org.hibernate.resource.jdbc.internal.AbstractLogicalConnectionImplementor.rollback(AbstractLogicalConnectionImplementor.java:121)
	at org.hibernate.resource.transaction.backend.jdbc.internal.JdbcResourceLocalTransactionCoordinatorImpl$TransactionDriverControlImpl.rollback(JdbcResourceLocalTransactionCoordinatorImpl.java:290)
	at org.hibernate.engine.transaction.internal.TransactionImpl.rollback(TransactionImpl.java:142)
	at ad.hibernate.hmarort.dao.implementacion.DAOClienteImpl.calcularFacturacionTotalCliente(DAOClienteImpl.java:165)
	at ad.hibernate.hmarort.ui.UIAutoImpl.generarInformesAutomaticos(UIAutoImpl.java:115)
	at ad.hibernate.hmarort.ui.UIAutoImpl.iniciar(UIAutoImpl.java:61)
	at ad.hibernate.hmarort.Main.main(Main.java:42)
2025-02-28 21:05:23.929 [main] ERROR ad.hibernate.hmarort.ui.UIAutoImpl - Error en proceso automático: org.hibernate.resource.jdbc.internal.LogicalConnectionManagedImpl@5e1a7d3 is closed
2025-02-28 21:05:23.929 [main] INFO  ad.hibernate.hmarort.Main - Aplicación finalizada exitosamente
