2025-02-28 22:23:24.528 [main] INFO  a.conectores_hibernate.hmarort.Main - Iniciando aplicación de gestión de pedidos
2025-02-28 22:23:24.534 [main] INFO  a.conectores_hibernate.hmarort.Main - Interfaz seleccionada: AUTO
2025-02-28 22:23:24.535 [main] INFO  a.conectores_hibernate.hmarort.Main - Base de datos seleccionada: HIBERNATE
2025-02-28 22:23:24.539 [main] INFO  a.c.hmarort.utils.HibernateUtil - Inicializando SessionFactory de Hibernate
2025-02-28 22:23:24.628 [main] INFO  org.hibernate.Version - HHH000412: Hibernate ORM core version 6.4.1.Final
2025-02-28 22:23:24.863 [main] INFO  o.h.c.i.RegionFactoryInitiator - HHH000026: Second-level cache disabled
2025-02-28 22:23:24.974 [main] WARN  o.hibernate.orm.connections.pooling - HHH10001002: Using built-in connection pool (not intended for production use)
2025-02-28 22:23:24.977 [main] INFO  o.hibernate.orm.connections.pooling - HHH10001005: Loaded JDBC driver class: org.sqlite.JDBC
2025-02-28 22:23:24.978 [main] INFO  o.hibernate.orm.connections.pooling - HHH10001012: Connecting with JDBC URL [jdbc:sqlite:src/main/resources/pedidos.db]
2025-02-28 22:23:24.978 [main] INFO  o.hibernate.orm.connections.pooling - HHH10001001: Connection properties: {}
2025-02-28 22:23:24.978 [main] INFO  o.hibernate.orm.connections.pooling - HHH10001003: Autocommit mode: false
2025-02-28 22:23:24.980 [main] INFO  o.hibernate.orm.connections.pooling - HHH10001115: Connection pool size: 20 (min=1)
2025-02-28 22:23:25.144 [main] INFO  o.hibernate.orm.connections.pooling - HHH10001008: Cleaning up connection pool [jdbc:sqlite:src/main/resources/pedidos.db]
2025-02-28 22:23:25.146 [main] ERROR a.c.hmarort.utils.HibernateUtil - Error al inicializar SessionFactory
org.hibernate.boot.registry.classloading.spi.ClassLoadingException: Unable to load class [ad.hibernate.hmarort.models.ZonaEnvio]
	at org.hibernate.boot.registry.classloading.internal.ClassLoaderServiceImpl.classForName(ClassLoaderServiceImpl.java:126)
	at org.hibernate.boot.model.source.internal.annotations.AnnotationMetadataSourceProcessorImpl.<init>(AnnotationMetadataSourceProcessorImpl.java:102)
	at org.hibernate.boot.model.process.spi.MetadataBuildingProcess$1.<init>(MetadataBuildingProcess.java:204)
	at org.hibernate.boot.model.process.spi.MetadataBuildingProcess.complete(MetadataBuildingProcess.java:198)
	at org.hibernate.boot.model.process.spi.MetadataBuildingProcess.build(MetadataBuildingProcess.java:129)
	at org.hibernate.boot.internal.MetadataBuilderImpl.build(MetadataBuilderImpl.java:449)
	at org.hibernate.boot.internal.MetadataBuilderImpl.build(MetadataBuilderImpl.java:101)
	at org.hibernate.cfg.Configuration.buildSessionFactory(Configuration.java:910)
	at org.hibernate.cfg.Configuration.buildSessionFactory(Configuration.java:960)
	at ad.conectores_hibernate.hmarort.utils.HibernateUtil.getSessionFactory(HibernateUtil.java:33)
	at ad.conectores_hibernate.hmarort.database_config.HibernateConfig.<init>(HibernateConfig.java:44)
	at ad.conectores_hibernate.hmarort.database_config.DatabaseConfigFactory.createHibernateConfig(DatabaseConfigFactory.java:60)
	at ad.conectores_hibernate.hmarort.database_config.DatabaseConfigFactory.createConfig(DatabaseConfigFactory.java:19)
	at ad.conectores_hibernate.hmarort.ui.UIAutoImpl.<init>(UIAutoImpl.java:44)
	at ad.conectores_hibernate.hmarort.ui.UIFactory.creaUI(UIFactory.java:25)
	at ad.conectores_hibernate.hmarort.Main.main(Main.java:52)
Caused by: java.lang.ClassNotFoundException: Could not load requested class : ad.hibernate.hmarort.models.ZonaEnvio
	at org.hibernate.boot.registry.classloading.internal.AggregatedClassLoader.findClass(AggregatedClassLoader.java:216)
	at java.base/java.lang.ClassLoader.loadClass(ClassLoader.java:595)
	at java.base/java.lang.ClassLoader.loadClass(ClassLoader.java:528)
	at java.base/java.lang.Class.forName0(Native Method)
	at java.base/java.lang.Class.forName(Class.java:578)
	at java.base/java.lang.Class.forName(Class.java:557)
	at org.hibernate.boot.registry.classloading.internal.ClassLoaderServiceImpl.classForName(ClassLoaderServiceImpl.java:123)
	... 15 common frames omitted
Caused by: java.lang.Throwable: null
	at org.hibernate.boot.registry.classloading.internal.AggregatedClassLoader.findClass(AggregatedClassLoader.java:209)
	... 21 common frames omitted
	Suppressed: java.lang.ClassNotFoundException: ad.hibernate.hmarort.models.ZonaEnvio
		at java.base/jdk.internal.loader.BuiltinClassLoader.loadClass(BuiltinClassLoader.java:641)
		at java.base/jdk.internal.loader.ClassLoaders$AppClassLoader.loadClass(ClassLoaders.java:188)
		at java.base/java.lang.ClassLoader.loadClass(ClassLoader.java:528)
		at org.hibernate.boot.registry.classloading.internal.AggregatedClassLoader.findClass(AggregatedClassLoader.java:206)
		... 21 common frames omitted
	Suppressed: java.lang.ClassNotFoundException: ad.hibernate.hmarort.models.ZonaEnvio
		at java.base/jdk.internal.loader.BuiltinClassLoader.loadClass(BuiltinClassLoader.java:641)
		at java.base/jdk.internal.loader.ClassLoaders$AppClassLoader.loadClass(ClassLoaders.java:188)
		at java.base/java.lang.ClassLoader.loadClass(ClassLoader.java:528)
		at org.hibernate.boot.registry.classloading.internal.AggregatedClassLoader.findClass(AggregatedClassLoader.java:206)
		... 21 common frames omitted
	Suppressed: java.lang.ClassNotFoundException: ad.hibernate.hmarort.models.ZonaEnvio
		at java.base/jdk.internal.loader.BuiltinClassLoader.loadClass(BuiltinClassLoader.java:641)
		at java.base/jdk.internal.loader.ClassLoaders$AppClassLoader.loadClass(ClassLoaders.java:188)
		at java.base/java.lang.ClassLoader.loadClass(ClassLoader.java:528)
		at org.hibernate.boot.registry.classloading.internal.AggregatedClassLoader.findClass(AggregatedClassLoader.java:206)
		... 21 common frames omitted
