2025-02-28 22:26:21.206 [main] INFO  a.conectores_hibernate.hmarort.Main - Iniciando aplicaci贸n de gesti贸n de pedidos
2025-02-28 22:26:21.209 [main] INFO  a.conectores_hibernate.hmarort.Main - Interfaz seleccionada: MANUAL
2025-02-28 22:26:21.212 [main] INFO  a.conectores_hibernate.hmarort.Main - Base de datos seleccionada: HIBERNATE
2025-02-28 22:26:21.215 [main] INFO  a.c.hmarort.utils.HibernateUtil - Inicializando SessionFactory de Hibernate
2025-02-28 22:26:21.295 [main] INFO  org.hibernate.Version - HHH000412: Hibernate ORM core version 6.4.1.Final
2025-02-28 22:26:21.523 [main] INFO  o.h.c.i.RegionFactoryInitiator - HHH000026: Second-level cache disabled
2025-02-28 22:26:21.644 [main] WARN  o.hibernate.orm.connections.pooling - HHH10001002: Using built-in connection pool (not intended for production use)
2025-02-28 22:26:21.647 [main] INFO  o.hibernate.orm.connections.pooling - HHH10001005: Loaded JDBC driver class: org.sqlite.JDBC
2025-02-28 22:26:21.647 [main] INFO  o.hibernate.orm.connections.pooling - HHH10001012: Connecting with JDBC URL [jdbc:sqlite:src/main/resources/pedidos.db]
2025-02-28 22:26:21.647 [main] INFO  o.hibernate.orm.connections.pooling - HHH10001001: Connection properties: {}
2025-02-28 22:26:21.648 [main] INFO  o.hibernate.orm.connections.pooling - HHH10001003: Autocommit mode: false
2025-02-28 22:26:21.651 [main] INFO  o.hibernate.orm.connections.pooling - HHH10001115: Connection pool size: 20 (min=1)
2025-02-28 22:26:22.656 [main] INFO  o.hibernate.orm.connections.access - HHH10001501: Connection obtained from JdbcConnectionAccess [org.hibernate.engine.jdbc.env.internal.JdbcEnvironmentInitiator$ConnectionProviderJdbcConnectionAccess@5eb87338] for (non-JTA) DDL execution was not in auto-commit mode; the Connection 'local transaction' will be committed and the Connection will be set into auto-commit mode.
2025-02-28 22:26:22.680 [main] INFO  a.c.hmarort.utils.HibernateUtil - SessionFactory inicializada correctamente
2025-02-28 22:26:22.680 [main] INFO  a.c.h.d.HibernateConfig - Configuraci贸n de Hibernate inicializada
2025-02-28 22:26:22.681 [main] ERROR a.conectores_hibernate.hmarort.Main - Error fatal en la aplicaci贸n
java.lang.NullPointerException: Cannot invoke "ad.conectores_hibernate.hmarort.database_config.DatabaseType.ordinal()" because "dbType" is null
	at ad.conectores_hibernate.hmarort.factory.DAOFactory.getDAOFactory(DAOFactory.java:37)
	at ad.conectores_hibernate.hmarort.ui.UIManualImpl.<init>(UIManualImpl.java:44)
	at ad.conectores_hibernate.hmarort.ui.UIFactory.creaUI(UIFactory.java:23)
	at ad.conectores_hibernate.hmarort.Main.main(Main.java:52)
